Library/PramData/AndroidApplicationController/Cache/com.NFCDS.KillingRomeo_singleplayer/gradle-project/launcher/build/intermediates/manifest_merge_blame_file/debug/manifest-merger-blame-debug-report.txt
1<?xml version="1.0" encoding="utf-8"?>
2<manifest xmlns:android="http://schemas.android.com/apk/res/android"
3    package="com.NFCDS.KillingRomeo_singleplayer"
4    android:installLocation="preferExternal"
5    android:versionCode="1"
6    android:versionName="1.0" >
7
8    <uses-sdk
9        android:minSdkVersion="25"
9-->src\main\AndroidManifest.xml
10        android:targetSdkVersion="30" />
10-->src\main\AndroidManifest.xml
11
12    <supports-screens
12-->src\main\AndroidManifest.xml:3:3-163
13        android:anyDensity="true"
13-->src\main\AndroidManifest.xml:3:135-160
14        android:largeScreens="true"
14-->src\main\AndroidManifest.xml:3:78-105
15        android:normalScreens="true"
15-->src\main\AndroidManifest.xml:3:49-77
16        android:smallScreens="true"
16-->src\main\AndroidManifest.xml:3:21-48
17        android:xlargeScreens="true" />
17-->src\main\AndroidManifest.xml:3:106-134
18
19    <uses-feature android:glEsVersion="0x00030000" />
19-->[:unityLibrary] AndroidManifest.xml:13:5-54
19-->[:unityLibrary] AndroidManifest.xml:13:19-51
20    <uses-feature
20-->[:unityLibrary] AndroidManifest.xml:14:5-16:36
21        android:name="android.hardware.vulkan.version"
21-->[:unityLibrary] AndroidManifest.xml:15:9-55
22        android:required="false" />
22-->[:unityLibrary] AndroidManifest.xml:16:9-33
23
24    <uses-permission android:name="android.permission.INTERNET" />
24-->[:unityLibrary] AndroidManifest.xml:18:5-67
24-->[:unityLibrary] AndroidManifest.xml:18:22-64
25
26    <uses-feature
26-->[:unityLibrary] AndroidManifest.xml:20:5-22:36
27        android:name="android.hardware.touchscreen"
27-->[:unityLibrary] AndroidManifest.xml:21:9-52
28        android:required="false" />
28-->[:unityLibrary] AndroidManifest.xml:22:9-33
29    <uses-feature
29-->[:unityLibrary] AndroidManifest.xml:23:5-25:36
30        android:name="android.hardware.touchscreen.multitouch"
30-->[:unityLibrary] AndroidManifest.xml:24:9-63
31        android:required="false" />
31-->[:unityLibrary] AndroidManifest.xml:25:9-33
32    <uses-feature
32-->[:unityLibrary] AndroidManifest.xml:26:5-28:36
33        android:name="android.hardware.touchscreen.multitouch.distinct"
33-->[:unityLibrary] AndroidManifest.xml:27:9-72
34        android:required="false" />
34-->[:unityLibrary] AndroidManifest.xml:28:9-33
35    <uses-feature
35-->[:unityLibrary] AndroidManifest.xml:29:5-32:31
36        android:name="android.hardware.vr.headtracking"
36-->[:unityLibrary] AndroidManifest.xml:30:9-56
37        android:required="true"
37-->[:unityLibrary] AndroidManifest.xml:31:9-32
38        android:version="1" />
38-->[:unityLibrary] AndroidManifest.xml:32:9-28
39
40    <application
40-->src\main\AndroidManifest.xml:4:3-121
41        android:banner="@drawable/app_banner"
41-->src\main\AndroidManifest.xml:4:81-118
42        android:debuggable="true"
43        android:extractNativeLibs="true"
43-->[:unityLibrary] AndroidManifest.xml:35:9-41
44        android:icon="@mipmap/app_icon"
44-->src\main\AndroidManifest.xml:4:49-80
45        android:isGame="true"
45-->[:unityLibrary] AndroidManifest.xml:36:9-30
46        android:label="@string/app_name" >
46-->src\main\AndroidManifest.xml:4:16-48
47        <activity
47-->[:unityLibrary] AndroidManifest.xml:37:9-62:20
48            android:name="com.unity3d.player.UnityPlayerActivity"
48-->[:unityLibrary] AndroidManifest.xml:38:13-66
49            android:configChanges="keyboard|keyboardHidden|navigation|orientation|screenLayout|screenSize|uiMode|density"
49-->[:unityLibrary] AndroidManifest.xml:39:13-122
50            android:hardwareAccelerated="false"
50-->[:unityLibrary] AndroidManifest.xml:40:13-48
51            android:launchMode="singleTask"
51-->[:unityLibrary] AndroidManifest.xml:41:13-44
52            android:resizeableActivity="false"
52-->[:unityLibrary] AndroidManifest.xml:42:13-47
53            android:screenOrientation="landscape"
53-->[:unityLibrary] AndroidManifest.xml:43:13-50
54            android:theme="@android:style/Theme.Black.NoTitleBar.Fullscreen" >
54-->[:unityLibrary] AndroidManifest.xml:44:13-77
55            <intent-filter>
55-->[:unityLibrary] AndroidManifest.xml:45:13-51:29
56                <action android:name="android.intent.action.MAIN" />
56-->[:unityLibrary] AndroidManifest.xml:46:17-69
56-->[:unityLibrary] AndroidManifest.xml:46:25-66
57
58                <category android:name="android.intent.category.LAUNCHER" />
58-->[:unityLibrary] AndroidManifest.xml:48:17-77
58-->[:unityLibrary] AndroidManifest.xml:48:27-74
59                <category android:name="android.intent.category.LEANBACK_LAUNCHER" />
59-->[:unityLibrary] AndroidManifest.xml:49:17-86
59-->[:unityLibrary] AndroidManifest.xml:49:27-83
60                <category android:name="com.oculus.intent.category.VR" />
60-->[:unityLibrary] AndroidManifest.xml:50:17-74
60-->[:unityLibrary] AndroidManifest.xml:50:27-71
61            </intent-filter>
62
63            <meta-data
63-->[:unityLibrary] AndroidManifest.xml:53:13-55:40
64                android:name="unityplayer.UnityActivity"
64-->[:unityLibrary] AndroidManifest.xml:54:17-57
65                android:value="true" />
65-->[:unityLibrary] AndroidManifest.xml:55:17-37
66            <meta-data
66-->[:unityLibrary] AndroidManifest.xml:56:13-58:40
67                android:name="android.notch_support"
67-->[:unityLibrary] AndroidManifest.xml:57:17-53
68                android:value="true" />
68-->[:unityLibrary] AndroidManifest.xml:58:17-37
69            <meta-data
69-->[:unityLibrary] AndroidManifest.xml:59:13-61:40
70                android:name="com.oculus.vr.focusaware"
70-->[:unityLibrary] AndroidManifest.xml:60:17-56
71                android:value="true" />
71-->[:unityLibrary] AndroidManifest.xml:61:17-37
72        </activity>
73
74        <meta-data
74-->[:unityLibrary] AndroidManifest.xml:64:9-66:33
75            android:name="unity.splash-mode"
75-->[:unityLibrary] AndroidManifest.xml:65:13-45
76            android:value="0" />
76-->[:unityLibrary] AndroidManifest.xml:66:13-30
77        <meta-data
77-->[:unityLibrary] AndroidManifest.xml:67:9-69:36
78            android:name="unity.splash-enable"
78-->[:unityLibrary] AndroidManifest.xml:68:13-47
79            android:value="True" />
79-->[:unityLibrary] AndroidManifest.xml:69:13-33
80        <meta-data
80-->[:unityLibrary] AndroidManifest.xml:70:9-72:36
81            android:name="unity.launch-fullscreen"
81-->[:unityLibrary] AndroidManifest.xml:71:13-51
82            android:value="True" />
82-->[:unityLibrary] AndroidManifest.xml:72:13-33
83        <meta-data
83-->[:unityLibrary] AndroidManifest.xml:73:9-75:37
84            android:name="unity.allow-resizable-window"
84-->[:unityLibrary] AndroidManifest.xml:74:13-56
85            android:value="False" />
85-->[:unityLibrary] AndroidManifest.xml:75:13-34
86        <meta-data
86-->[:unityLibrary] AndroidManifest.xml:76:9-78:50
87            android:name="notch.config"
87-->[:unityLibrary] AndroidManifest.xml:77:13-40
88            android:value="portrait|landscape" />
88-->[:unityLibrary] AndroidManifest.xml:78:13-47
89        <meta-data
89-->[:unityLibrary] AndroidManifest.xml:79:9-81:39
90            android:name="com.samsung.android.vr.application.mode"
90-->[:unityLibrary] AndroidManifest.xml:80:13-67
91            android:value="vr_only" />
91-->[:unityLibrary] AndroidManifest.xml:81:13-36
92        <meta-data
92-->[:unityLibrary] AndroidManifest.xml:82:9-84:37
93            android:name="com.unity.xr.oculus.LowOverheadMode"
93-->[:unityLibrary] AndroidManifest.xml:83:13-63
94            android:value="false" />
94-->[:unityLibrary] AndroidManifest.xml:84:13-34
95        <meta-data
95-->[:unityLibrary] AndroidManifest.xml:85:9-87:37
96            android:name="com.unity.xr.oculus.LateLatching"
96-->[:unityLibrary] AndroidManifest.xml:86:13-60
97            android:value="false" />
97-->[:unityLibrary] AndroidManifest.xml:87:13-34
98        <meta-data
98-->[:unityLibrary] AndroidManifest.xml:88:9-90:37
99            android:name="com.unity.xr.oculus.LateLatchingDebug"
99-->[:unityLibrary] AndroidManifest.xml:89:13-65
100            android:value="false" />
100-->[:unityLibrary] AndroidManifest.xml:90:13-34
101        <meta-data
101-->[:unityLibrary] AndroidManifest.xml:91:9-93:44
102            android:name="com.oculus.supportedDevices"
102-->[:unityLibrary] AndroidManifest.xml:92:13-55
103            android:value="quest|quest2" />
103-->[:unityLibrary] AndroidManifest.xml:93:13-41
104    </application>
105
106</manifest>